[2025-10-22T10:39:54.619201491Z] Checking prerequisites...
[2025-10-22T10:39:54.619414787Z] ERROR: Nix not found. Please install Nix first: curl -L https://nixos.org/nix/install | sh
[2025-10-22T10:40:31.342654468Z] Checking prerequisites...
[2025-10-22T10:40:31.342968069Z] ERROR: Nix not found. Please install Nix first: curl -L https://nixos.org/nix/install | sh
[2025-10-22T10:40:42.711379329Z] Checking prerequisites...
[2025-10-22T10:40:42.711693111Z] ERROR: libvirt not found. Please install QEMU/KVM first
[2025-10-22T10:40:53.172597770Z] Checking prerequisites...
[2025-10-22T10:40:53.182954795Z] ✅ All prerequisites found
[2025-10-22T11:02:37.236671730Z] Checking prerequisites...
[2025-10-22T11:02:37.246885431Z] ✅ All prerequisites found
[2025-10-22T11:02:42.662662649Z] Checking prerequisites...
[2025-10-22T11:02:42.676777286Z] ✅ All prerequisites found
[2025-10-22T11:02:42.677144779Z] Building SixOS installer ISO...
[2025-10-22T11:02:42.677263338Z] Cloning SixOS repository...
[2025-10-22T11:02:46.156737602Z] ERROR: Failed to build SixOS ISO: Cannot run program "cd": Exec failed, error: 2 (No such file or directory) 
[2025-10-22T11:03:03.314974229Z] Checking prerequisites...
[2025-10-22T11:03:03.326722620Z] ✅ All prerequisites found
[2025-10-22T11:03:03.326892614Z] Building SixOS installer ISO...
[2025-10-22T11:03:03.326968081Z] SixOS repository already exists, updating...
[2025-10-22T11:03:04.616370341Z] ERROR: Failed to build SixOS ISO: 
[2025-10-22T11:03:20.860775777Z] Checking prerequisites...
[2025-10-22T11:03:20.871301323Z] ✅ All prerequisites found
[2025-10-22T11:03:20.871547574Z] Building SixOS installer ISO...
[2025-10-22T11:03:20.871703998Z] SixOS repository already exists, updating...
[2025-10-22T11:03:21.816116691Z] ERROR: Failed to build SixOS ISO: 
